<?xml version="1.0" encoding="UTF-8"?>
<!-- Generated by org.testng.reporters.JUnitXMLReporter -->
<testsuite hostname="PAR-N-PW07-4807" name="testing" tests="6" failures="0" timestamp="15 Dec 2016 19:52:40 GMT" time="0.045" errors="0">
  <testcase name="test6" time="0.014" classname="com.zaghir.project.testSelenium.TestNG2"/>
  <testcase name="test7" time="0.001" classname="com.zaghir.project.testSelenium.TestNG2"/>
  <testcase name="testCaseFour" time="0.002" classname="com.zaghir.project.testSelenium.TestNG2"/>
  <testcase name="testCaseOne" time="0.001" classname="com.zaghir.project.testSelenium.TestNG2"/>
  <testcase name="testCaseThree" time="0.001" classname="com.zaghir.project.testSelenium.TestNG2"/>
  <testcase name="testCaseTwo" time="0.001" classname="com.zaghir.project.testSelenium.TestNG2"/>
</testsuite> <!-- testing -->
