<?xml version="1.0" encoding="UTF-8"?>
<!-- Generated by org.testng.reporters.JUnitXMLReporter -->
<testsuite hostname="PAR-N-PW07-4807" name="Default test" tests="7" failures="0" timestamp="18 Dec 2016 13:44:06 GMT" time="0.038" errors="0">
  <testcase name="testChampignons" time="0.01" classname="com.zaghir.project.testNG.TestNGDemo3"/>
  <testcase name="testCommanderPizzaChampignons" time="0.0" classname="com.zaghir.project.testNG.TestNGDemo3"/>
  <testcase name="testCommanderPizzaFromage" time="0.0" classname="com.zaghir.project.testNG.TestNGDemo3"/>
  <testcase name="testOignon" time="0.0" classname="com.zaghir.project.testNG.TestNGDemo3"/>
  <testcase name="testPreparer" time="0.0" classname="com.zaghir.project.testNG.TestNGDemo3"/>
  <testcase name="testCuire" time="0.0" classname="com.zaghir.project.testNG.TestNGDemo3"/>
  <testcase name="testEmballer" time="0.0" classname="com.zaghir.project.testNG.TestNGDemo3"/>
</testsuite> <!-- Default test -->
