<?xml version="1.0" encoding="UTF-8"?>
<!-- Generated by org.testng.reporters.JUnitXMLReporter -->
<testsuite hostname="PAR-N-PW07-4807" name="Default test" tests="5" failures="0" timestamp="24 Dec 2016 21:39:08 GMT" time="37.345" errors="0">
  <testcase name="testIdentification" time="3.311" classname="com.zaghir.project.testSelenium.SeleniumTestChromeFirefoxDriver"/>
  <testcase name="testMenu" time="3.042" classname="com.zaghir.project.testSelenium.SeleniumTestChromeFirefoxDriver"/>
  <testcase name="testMenuAjouterArticle1" time="9.227" classname="com.zaghir.project.testSelenium.SeleniumTestChromeFirefoxDriver"/>
  <testcase name="testMenuAjouterArticle2" time="9.304" classname="com.zaghir.project.testSelenium.SeleniumTestChromeFirefoxDriver"/>
  <testcase name="testMenuAfficherLesArticles" time="6.301" classname="com.zaghir.project.testSelenium.SeleniumTestChromeFirefoxDriver"/>
</testsuite> <!-- Default test -->
